
ROM used:   746/8192 (9%)
            746/8192 (9%) including unused fragments

            0.6 Average locations per line
            6.5 Average locations per statement

RAM used:   100/368 (27%) at main() level
            124/368 (34%) worst case

Stack used: 8 worst case (3 in main + 5 for interrupts)
Stack size: 8

Lines Stmts  %   Files
----- ----- ---  -----
   52    14  12  main.c
   10     0   0  main.h
  671     0   0  ..\..\..\..\..\Program Files (x86)\PICC\Devices\16F877A.h
  456   100  88  ..\..\..\..\..\Program Files (x86)\PICC\Drivers\lcd.c
----- -----
 1189   114 Total

Page ROM  %  RAM   Vol Diff  Functions:
---- --- --- ---   --- ----  ----------
0     21   3    1             @delay_ms1
0    128  17    3   760  4.5  lcd_read_byte
 Inline         2   262  3.7  lcd_read_nibble
0     45   6    1   399  2.4  lcd_send_nibble
0     44   6    3   415  3.7  lcd_send_byte
 Inline         6   852  6.2  lcd_init
0     20   3    4   208  6.3  lcd_gotoxy
0     58   8    1   354  4.7  lcd_putc
 Inline         0    90  1.5  @GETCH_BIU_1
0     68   9    0    70  1.5  serial_interrupt
 Inline         2    45  1.1  @PSTRINGR_645
0     58   8    1    82  1.5  MAIN
0      3   0    0             @const671
0     84  11    4    80  1.2  @PSTRINGC7_9600_62_63
0    136  18    0    80  1.2  setup
 Inline         0             @cinit1

Program metrics:
    Functions               13
    Statements              114
    Comments                221
    Volume (V)              5998
    Difficulty (D)          39.7
    Effort to implement (E) 238016
    Time to implement (T)   3 hours, 40 minutes
    Est Delivered Bugs (B)  1
    Cyclomatic Complexity   8
    Maintainability (MI)    109

 Segment     Used  Free
-----------  ----  ----
00000-00003     4  0  
00004-00050    77  0  
00051-007FF   665  1302  
00800-00FFF     0  2048  
01000-017FF     0  2048  
01800-01FFF     0  2048  



